<?xml version="1.0" encoding="UTF-8"?>
<!-- Generated by org.testng.reporters.JUnitReportReporter -->
<testsuite skipped="0" hostname="JAVED" name="TestCase.TestClass2" tests="1" failures="0" timestamp="2020-07-21T15:28:47 EDT" time="16.043" errors="0">
  <testcase name="googleTest" time="16.043" classname="TestCase.TestClass2"/>
  <system-out/>
</testsuite> <!-- TestCase.TestClass2 -->
