<?xml version="1.0" encoding="UTF-8"?>
<!-- Generated by org.testng.reporters.JUnitReportReporter -->
<testsuite skipped="0" hostname="JAVED" name="TestCase.TestClass2" tests="1" failures="0" timestamp="2020-07-21T13:26:34 EDT" time="15.624" errors="0">
  <testcase name="googleTest" time="15.624" classname="TestCase.TestClass2"/>
  <system-out/>
</testsuite> <!-- TestCase.TestClass2 -->
