<?xml version="1.0" encoding="UTF-8"?>
<!-- Generated by org.testng.reporters.JUnitReportReporter -->
<testsuite skipped="0" hostname="JAVED" name="TestCase.TestClass1" tests="1" failures="0" timestamp="2020-07-21T16:17:35 EDT" time="19.355" errors="0">
  <testcase name="clickAcademyTest" time="19.355" classname="TestCase.TestClass1"/>
  <system-out/>
</testsuite> <!-- TestCase.TestClass1 -->
